2024-10-07T13:07:21.792234Z 0 [System] [MY-015017] [Server] MySQL Server Initialization - start.
2024-10-07T13:07:21.804609Z 0 [Warning] [MY-010915] [Server] 'NO_ZERO_DATE', 'NO_ZERO_IN_DATE' and 'ERROR_FOR_DIVISION_BY_ZERO' sql modes should be used with strict mode. They will be merged with strict mode in a future release.
2024-10-07T13:07:21.804989Z 0 [System] [MY-013169] [Server] C:\Server\bin\mysql-9.0\bin\mysqld.exe (mysqld 9.0.1) initializing of server in progress as process 28944
2024-10-07T13:07:21.876438Z 1 [System] [MY-013576] [InnoDB] InnoDB initialization has started.
2024-10-07T13:07:22.452913Z 1 [System] [MY-013577] [InnoDB] InnoDB initialization has ended.
2024-10-07T13:07:25.803942Z 6 [Warning] [MY-010453] [Server] root@localhost is created with an empty password ! Please consider switching off the --initialize-insecure option.
2024-10-07T13:07:28.121284Z 0 [System] [MY-015018] [Server] MySQL Server Initialization - end.
2024-10-07T13:08:05.214700Z 0 [System] [MY-015015] [Server] MySQL Server - start.
2024-10-07T13:08:05.504701Z 0 [Warning] [MY-010915] [Server] 'NO_ZERO_DATE', 'NO_ZERO_IN_DATE' and 'ERROR_FOR_DIVISION_BY_ZERO' sql modes should be used with strict mode. They will be merged with strict mode in a future release.
2024-10-07T13:08:05.505386Z 0 [System] [MY-010116] [Server] C:\Server\bin\mysql-9.0\bin\mysqld.exe (mysqld 9.0.1) starting as process 6400
2024-10-07T13:08:05.574361Z 1 [System] [MY-013576] [InnoDB] InnoDB initialization has started.
2024-10-07T13:08:06.124110Z 1 [System] [MY-013577] [InnoDB] InnoDB initialization has ended.
2024-10-07T13:08:06.819099Z 0 [Warning] [MY-010068] [Server] CA certificate ca.pem is self signed.
2024-10-07T13:08:06.819792Z 0 [System] [MY-013602] [Server] Channel mysql_main configured to support TLS. Encrypted connections are now supported for this channel.
2024-10-07T13:08:06.898687Z 0 [System] [MY-011323] [Server] X Plugin ready for connections. Bind-address: '::' port: 33060
2024-10-07T13:08:06.899024Z 0 [System] [MY-010931] [Server] C:\Server\bin\mysql-9.0\bin\mysqld.exe: ready for connections. Version: '9.0.1'  socket: ''  port: 3306  MySQL Community Server - GPL.
2024-10-07T13:38:03.697092Z 9 [Warning] [MY-013360] [Server] Plugin sha256_password reported: ''sha256_password' is deprecated and will be removed in a future release. Please use caching_sha2_password instead'
2024-10-07T13:38:37.233252Z 10 [Warning] [MY-013360] [Server] Plugin sha256_password reported: ''sha256_password' is deprecated and will be removed in a future release. Please use caching_sha2_password instead'
2024-10-08T18:50:50.032809Z 0 [System] [MY-013105] [Server] C:\Server\bin\mysql-9.0\bin\mysqld.exe: Normal shutdown.
2024-10-08T18:50:50.647630Z 0 [System] [MY-010910] [Server] C:\Server\bin\mysql-9.0\bin\mysqld.exe: Shutdown complete (mysqld 9.0.1)  MySQL Community Server - GPL.
2024-10-08T18:50:50.648250Z 0 [System] [MY-015016] [Server] MySQL Server - end.
2024-10-08T18:51:25.025235Z 0 [System] [MY-015015] [Server] MySQL Server - start.
2024-10-08T18:51:25.249557Z 0 [Warning] [MY-010915] [Server] 'NO_ZERO_DATE', 'NO_ZERO_IN_DATE' and 'ERROR_FOR_DIVISION_BY_ZERO' sql modes should be used with strict mode. They will be merged with strict mode in a future release.
2024-10-08T18:51:25.251235Z 0 [System] [MY-010116] [Server] C:\Server\bin\mysql-9.0\bin\mysqld.exe (mysqld 9.0.1) starting as process 6124
2024-10-08T18:51:25.337741Z 1 [System] [MY-013576] [InnoDB] InnoDB initialization has started.
2024-10-08T18:51:26.056070Z 1 [System] [MY-013577] [InnoDB] InnoDB initialization has ended.
2024-10-08T18:51:26.747519Z 0 [Warning] [MY-010068] [Server] CA certificate ca.pem is self signed.
2024-10-08T18:51:26.747924Z 0 [System] [MY-013602] [Server] Channel mysql_main configured to support TLS. Encrypted connections are now supported for this channel.
2024-10-08T18:51:26.813887Z 0 [System] [MY-011323] [Server] X Plugin ready for connections. Bind-address: '::' port: 33060
2024-10-08T18:51:26.814034Z 0 [System] [MY-010931] [Server] C:\Server\bin\mysql-9.0\bin\mysqld.exe: ready for connections. Version: '9.0.1'  socket: ''  port: 3306  MySQL Community Server - GPL.
2024-10-10T22:56:20.333561Z 0 [System] [MY-013105] [Server] C:\Server\bin\mysql-9.0\bin\mysqld.exe: Normal shutdown.
2024-10-10T22:56:21.257564Z 0 [System] [MY-010910] [Server] C:\Server\bin\mysql-9.0\bin\mysqld.exe: Shutdown complete (mysqld 9.0.1)  MySQL Community Server - GPL.
2024-10-10T22:56:21.258048Z 0 [System] [MY-015016] [Server] MySQL Server - end.
2024-10-10T22:56:50.213120Z 0 [System] [MY-015015] [Server] MySQL Server - start.
2024-10-10T22:56:50.473293Z 0 [Warning] [MY-010915] [Server] 'NO_ZERO_DATE', 'NO_ZERO_IN_DATE' and 'ERROR_FOR_DIVISION_BY_ZERO' sql modes should be used with strict mode. They will be merged with strict mode in a future release.
2024-10-10T22:56:50.475410Z 0 [System] [MY-010116] [Server] C:\Server\bin\mysql-9.0\bin\mysqld.exe (mysqld 9.0.1) starting as process 5516
2024-10-10T22:56:50.564532Z 1 [System] [MY-013576] [InnoDB] InnoDB initialization has started.
2024-10-10T22:56:50.986827Z 1 [System] [MY-013577] [InnoDB] InnoDB initialization has ended.
2024-10-10T22:56:51.450738Z 0 [Warning] [MY-010068] [Server] CA certificate ca.pem is self signed.
2024-10-10T22:56:51.451070Z 0 [System] [MY-013602] [Server] Channel mysql_main configured to support TLS. Encrypted connections are now supported for this channel.
2024-10-10T22:56:51.503492Z 0 [System] [MY-011323] [Server] X Plugin ready for connections. Bind-address: '::' port: 33060
2024-10-10T22:56:51.503595Z 0 [System] [MY-010931] [Server] C:\Server\bin\mysql-9.0\bin\mysqld.exe: ready for connections. Version: '9.0.1'  socket: ''  port: 3306  MySQL Community Server - GPL.
2024-10-14T11:34:36.132896Z 0 [System] [MY-013105] [Server] C:\Server\bin\mysql-9.0\bin\mysqld.exe: Normal shutdown.
2024-10-14T11:34:37.167755Z 0 [System] [MY-010910] [Server] C:\Server\bin\mysql-9.0\bin\mysqld.exe: Shutdown complete (mysqld 9.0.1)  MySQL Community Server - GPL.
2024-10-14T11:34:37.168254Z 0 [System] [MY-015016] [Server] MySQL Server - end.
2024-10-14T11:35:05.643224Z 0 [System] [MY-015015] [Server] MySQL Server - start.
2024-10-14T11:35:08.520223Z 0 [Warning] [MY-010915] [Server] 'NO_ZERO_DATE', 'NO_ZERO_IN_DATE' and 'ERROR_FOR_DIVISION_BY_ZERO' sql modes should be used with strict mode. They will be merged with strict mode in a future release.
2024-10-14T11:35:08.520970Z 0 [System] [MY-010116] [Server] C:\Server\bin\mysql-9.0\bin\mysqld.exe (mysqld 9.0.1) starting as process 6064
2024-10-14T11:35:08.563455Z 1 [System] [MY-013576] [InnoDB] InnoDB initialization has started.
2024-10-14T11:35:08.900647Z 1 [System] [MY-013577] [InnoDB] InnoDB initialization has ended.
2024-10-14T11:35:09.312496Z 0 [Warning] [MY-010068] [Server] CA certificate ca.pem is self signed.
2024-10-14T11:35:09.312879Z 0 [System] [MY-013602] [Server] Channel mysql_main configured to support TLS. Encrypted connections are now supported for this channel.
2024-10-14T11:35:09.366668Z 0 [System] [MY-011323] [Server] X Plugin ready for connections. Bind-address: '::' port: 33060
2024-10-14T11:35:09.366829Z 0 [System] [MY-010931] [Server] C:\Server\bin\mysql-9.0\bin\mysqld.exe: ready for connections. Version: '9.0.1'  socket: ''  port: 3306  MySQL Community Server - GPL.
2024-10-18T12:24:26.049735Z 0 [System] [MY-013105] [Server] C:\Server\bin\mysql-9.0\bin\mysqld.exe: Normal shutdown.
2024-10-18T12:24:27.325823Z 0 [System] [MY-010910] [Server] C:\Server\bin\mysql-9.0\bin\mysqld.exe: Shutdown complete (mysqld 9.0.1)  MySQL Community Server - GPL.
2024-10-18T12:24:27.326452Z 0 [System] [MY-015016] [Server] MySQL Server - end.
2024-10-18T12:30:00.852349Z 0 [System] [MY-015015] [Server] MySQL Server - start.
2024-10-18T12:30:01.030377Z 0 [Warning] [MY-010915] [Server] 'NO_ZERO_DATE', 'NO_ZERO_IN_DATE' and 'ERROR_FOR_DIVISION_BY_ZERO' sql modes should be used with strict mode. They will be merged with strict mode in a future release.
2024-10-18T12:30:01.031553Z 0 [System] [MY-010116] [Server] C:\Server\bin\mysql-9.0\bin\mysqld.exe (mysqld 9.0.1) starting as process 6188
2024-10-18T12:30:01.118337Z 1 [System] [MY-013576] [InnoDB] InnoDB initialization has started.
2024-10-18T12:30:01.626100Z 1 [System] [MY-013577] [InnoDB] InnoDB initialization has ended.
2024-10-18T12:30:02.149913Z 0 [Warning] [MY-010068] [Server] CA certificate ca.pem is self signed.
2024-10-18T12:30:02.150375Z 0 [System] [MY-013602] [Server] Channel mysql_main configured to support TLS. Encrypted connections are now supported for this channel.
2024-10-18T12:30:02.211445Z 0 [System] [MY-011323] [Server] X Plugin ready for connections. Bind-address: '::' port: 33060
2024-10-18T12:30:02.211406Z 0 [System] [MY-010931] [Server] C:\Server\bin\mysql-9.0\bin\mysqld.exe: ready for connections. Version: '9.0.1'  socket: ''  port: 3306  MySQL Community Server - GPL.
2024-10-18T19:45:37.120020Z 0 [System] [MY-013105] [Server] C:\Server\bin\mysql-9.0\bin\mysqld.exe: Normal shutdown.
2024-10-18T19:45:37.932899Z 0 [System] [MY-010910] [Server] C:\Server\bin\mysql-9.0\bin\mysqld.exe: Shutdown complete (mysqld 9.0.1)  MySQL Community Server - GPL.
2024-10-18T19:45:37.933525Z 0 [System] [MY-015016] [Server] MySQL Server - end.
2024-10-18T19:46:06.120795Z 0 [System] [MY-015015] [Server] MySQL Server - start.
2024-10-18T19:46:06.810348Z 0 [Warning] [MY-010915] [Server] 'NO_ZERO_DATE', 'NO_ZERO_IN_DATE' and 'ERROR_FOR_DIVISION_BY_ZERO' sql modes should be used with strict mode. They will be merged with strict mode in a future release.
2024-10-18T19:46:06.811162Z 0 [System] [MY-010116] [Server] C:\Server\bin\mysql-9.0\bin\mysqld.exe (mysqld 9.0.1) starting as process 5772
2024-10-18T19:46:06.881847Z 1 [System] [MY-013576] [InnoDB] InnoDB initialization has started.
2024-10-18T19:46:07.395964Z 1 [System] [MY-013577] [InnoDB] InnoDB initialization has ended.
2024-10-18T19:46:08.187136Z 0 [Warning] [MY-010068] [Server] CA certificate ca.pem is self signed.
2024-10-18T19:46:08.187878Z 0 [System] [MY-013602] [Server] Channel mysql_main configured to support TLS. Encrypted connections are now supported for this channel.
2024-10-18T19:46:08.319222Z 0 [System] [MY-011323] [Server] X Plugin ready for connections. Bind-address: '::' port: 33060
2024-10-18T19:46:08.319598Z 0 [System] [MY-010931] [Server] C:\Server\bin\mysql-9.0\bin\mysqld.exe: ready for connections. Version: '9.0.1'  socket: ''  port: 3306  MySQL Community Server - GPL.
2024-10-25T02:49:36.869099Z 0 [System] [MY-013105] [Server] C:\Server\bin\mysql-9.0\bin\mysqld.exe: Normal shutdown.
2024-10-25T02:49:38.075219Z 0 [System] [MY-010910] [Server] C:\Server\bin\mysql-9.0\bin\mysqld.exe: Shutdown complete (mysqld 9.0.1)  MySQL Community Server - GPL.
2024-10-25T02:49:38.076671Z 0 [System] [MY-015016] [Server] MySQL Server - end.
2024-10-25T02:50:06.367457Z 0 [System] [MY-015015] [Server] MySQL Server - start.
2024-10-25T02:50:06.907661Z 0 [Warning] [MY-010915] [Server] 'NO_ZERO_DATE', 'NO_ZERO_IN_DATE' and 'ERROR_FOR_DIVISION_BY_ZERO' sql modes should be used with strict mode. They will be merged with strict mode in a future release.
2024-10-25T02:50:06.908267Z 0 [System] [MY-010116] [Server] C:\Server\bin\mysql-9.0\bin\mysqld.exe (mysqld 9.0.1) starting as process 5300
2024-10-25T02:50:06.945672Z 1 [System] [MY-013576] [InnoDB] InnoDB initialization has started.
2024-10-25T02:50:07.191855Z 1 [System] [MY-013577] [InnoDB] InnoDB initialization has ended.
2024-10-25T02:50:07.937875Z 0 [Warning] [MY-010068] [Server] CA certificate ca.pem is self signed.
2024-10-25T02:50:07.938284Z 0 [System] [MY-013602] [Server] Channel mysql_main configured to support TLS. Encrypted connections are now supported for this channel.
2024-10-25T02:50:07.984646Z 0 [System] [MY-011323] [Server] X Plugin ready for connections. Bind-address: '::' port: 33060
2024-10-25T02:50:07.984758Z 0 [System] [MY-010931] [Server] C:\Server\bin\mysql-9.0\bin\mysqld.exe: ready for connections. Version: '9.0.1'  socket: ''  port: 3306  MySQL Community Server - GPL.
